<?xml version="1.0" encoding="UTF-8"?>
<!-- Generated by org.testng.reporters.JUnitXMLReporter -->
<testsuite ignored="0" hostname="KomalR-L" failures="1" tests="3" name="Error Validations Test" time="29.943" errors="0" timestamp="2024-09-20T17:33:59 IST">
  <testcase classname="com.selenium.tests.ErrorValidationsTest" name="LoginErrorValidations" time="1.501">
    <skipped/>
  </testcase> <!-- LoginErrorValidations -->
  <testcase classname="com.selenium.tests.ErrorValidationsTest" name="LoginErrorValidations" time="0.727">
    <failure type="java.lang.AssertionError" message="expected [Incorrect email or password.] but found [Incorrect email password.]">
      <![CDATA[java.lang.AssertionError: expected [Incorrect email or password.] but found [Incorrect email password.]
at com.selenium.tests.ErrorValidationsTest.LoginErrorValidations(ErrorValidationsTest.java:20)
at java.base/java.util.ArrayList.forEach(ArrayList.java:1511)
at java.base/java.util.concurrent.FutureTask.run(FutureTask.java:264)
at java.base/java.util.concurrent.ThreadPoolExecutor.runWorker(ThreadPoolExecutor.java:1136)
at java.base/java.util.concurrent.ThreadPoolExecutor$Worker.run(ThreadPoolExecutor.java:635)
at java.base/java.lang.Thread.run(Thread.java:833)
... Removed 24 stack frames]]>
    </failure>
  </testcase> <!-- LoginErrorValidations -->
  <testcase classname="com.selenium.tests.ErrorValidationsTest" name="ProductErrorValidations" time="14.105"/>
</testsuite> <!-- Error Validations Test -->
